<?xml version="1.0" encoding="UTF-8"?>
<!-- Generated by org.testng.reporters.JUnitReportReporter -->
<testsuite hostname="ampc07-System-Product-Name" failures="0" tests="1" name="automation_testcases.LoginTestCRM" time="3.601" errors="0" timestamp="2021-12-27T17:27:31 IST" skipped="0">
  <testcase classname="automation_testcases.LoginTestCRM" name="loginApp" time="3.601"/>
  <system-out/>
</testsuite> <!-- automation_testcases.LoginTestCRM -->
